<installation datetime="201008122122">
   <serialNumbers>
   </serialNumbers>
   <activationKeys>
      <activationKey>GWTDesignerEval-1F0UJ-JM0MN-5RT97</activationKey>
      <activationKey>SwingDesignerFree-1F0UJ-JM0WV-TMEU4</activationKey>
      <activationKey>WindowBuilderFree-VF0UJ-HM0WF-3ECBT</activationKey>
   </activationKeys>
   <products>
      <product name="Code Coverage"                installed="false" fullyEnabled="false" build="UNKNOWN" />
      <product name="CodePro AnalytiX"             installed="false" fullyEnabled="false" build="UNKNOWN" />
      <product name="CodePro Analytix and PlusPak" installed="false" fullyEnabled="false" build="UNKNOWN" />
      <product name="CodePro PlusPak"              installed="false" fullyEnabled="false" build="UNKNOWN" />
      <product name="CodePro Profiler"             installed="false" fullyEnabled="false" build="UNKNOWN" />
      <product name="CodePro Server"               installed="false" fullyEnabled="false" build="UNKNOWN" />
      <product name="EclipsePro Audit"             installed="false" fullyEnabled="false" build="UNKNOWN" />
      <product name="EclipsePro Test"              installed="false" fullyEnabled="false" build="UNKNOWN" />
      <product name="GWT Designer"                 installed="true"  fullyEnabled="false" build="201001240111" />
      <product name="Help Composer"                installed="false" fullyEnabled="false" build="UNKNOWN" />
      <product name="RCP Developer"                installed="false" fullyEnabled="false" build="UNKNOWN" />
      <product name="RCP Packager"                 installed="false" fullyEnabled="false" build="UNKNOWN" />
      <product name="RIM Designer"                 installed="true"  fullyEnabled="true"  build="201001240107" />
      <product name="SWT Designer"                 installed="true"  fullyEnabled="false" build="201001240122" />
      <product name="Shared"                       installed="true"  fullyEnabled="true"  build="201001131432" />
      <product name="Swing Designer"               installed="true"  fullyEnabled="false" build="201001240116" />
      <product name="WindowBuilder"                installed="true"  fullyEnabled="false" build="201001240107" />
      <product name="WindowTester Pro"             installed="false" fullyEnabled="false" build="UNKNOWN" />
      <product name="WindowTester Runner"          installed="false" fullyEnabled="false" build="UNKNOWN" />
      <product name="WindowTester SWT"             installed="false" fullyEnabled="false" build="UNKNOWN" />
      <product name="WindowTester SWT Runner"      installed="false" fullyEnabled="false" build="UNKNOWN" />
      <product name="WindowTester Swing"           installed="false" fullyEnabled="false" build="UNKNOWN" />
      <product name="WindowTester Swing Runner"    installed="false" fullyEnabled="false" build="UNKNOWN" />
      <product name="eRCP Designer"                installed="false" fullyEnabled="false" build="UNKNOWN" />
   </products>
</installation>
